Build started 1/22/2016 12:31:24 PM.
     1>Project "C:\Users\bnewbright\Projects\dev\CaveStory\CaveStory\CaveStory.vcxproj" on node 2 (Build target(s)).
     1>Link:
         C:\Program Files (x86)\Microsoft Visual Studio 12.0\VC\bin\link.exe /ERRORREPORT:PROMPT /OUT:"C:\Users\bnewbright\Projects\dev\CaveStory\Debug\CaveStory.exe" /INCREMENTAL /NOLOGO /LIBPATH:C:\Users\bnewbright\Projects\dev\CaveStory\lib kernel32.lib user32.lib gdi32.lib winspool.lib comdlg32.lib advapi32.lib shell32.lib ole32.lib oleaut32.lib uuid.lib odbc32.lib odbccp32.lib SDL2main.lib SDL2.lib SDL2_image.lib kernel32.lib user32.lib gdi32.lib winspool.lib comdlg32.lib advapi32.lib shell32.lib ole32.lib oleaut32.lib uuid.lib odbc32.lib odbccp32.lib /MANIFEST /MANIFESTUAC:"level='asInvoker' uiAccess='false'" /manifest:embed /DEBUG /PDB:"C:\Users\bnewbright\Projects\dev\CaveStory\Debug\CaveStory.pdb" /TLBID:1 /DYNAMICBASE /NXCOMPAT /IMPLIB:"C:\Users\bnewbright\Projects\dev\CaveStory\Debug\CaveStory.lib" /MACHINE:X86 Debug\game.obj
         Debug\graphics.obj
         Debug\input.obj
         Debug\main.obj
         Debug\sprite.obj
     1>LINK : fatal error LNK1561: entry point must be defined
     1>Done Building Project "C:\Users\bnewbright\Projects\dev\CaveStory\CaveStory\CaveStory.vcxproj" (Build target(s)) -- FAILED.

Build FAILED.

Time Elapsed 00:00:00.09
